		<< Start of Message >>
		There was a hacking attempt on your form. 
 
		Date of Attack: 13 May 2009
		IP-Adress:  

		Host of Attacker: 
		Point of Attack: Formtoken
		<< End of Message >>		<< Start of Message >>
		There was a hacking attempt on your form. 
 
		Date of Attack: 13 May 2009
		IP-Adress: ::1 

		Host of Attacker: localhost
		Point of Attack: Formtoken
		<< End of Message >>		

		<< Start of Message >>
		There was a hacking attempt on your form. 
 
		Date of Attack: 13 May 2009
		IP-Adress: ::1 

		Host of Attacker: localhost
		Point of Attack: Formtoken
		<< End of Message >>		

		<< Start of Message >>
		There was a hacking attempt on your form. 
 
		Date of Attack: 13 May 2009
		IP-Adress: ::1 

		Host of Attacker: localhost
		Point of Attack: Unknown form fields
		<< End of Message >>    		

    		<< Start of Message >>
    		There was a hacking attempt on your form. 
 
    		Date of Attack: 12 Jan 2022
    		IP-Adress: ::1 

    		Host of Attacker: DESKTOP-NIPC50K
    		Point of Attack: URL Validation
    		<< End of Message >>    		

    		<< Start of Message >>
    		There was a hacking attempt on your form. 
 
    		Date of Attack: 12 Jan 2022
    		IP-Adress: ::1 

    		Host of Attacker: DESKTOP-NIPC50K
    		Point of Attack: URL Validation
    		<< End of Message >>